===class change start===
LargoonSpergpart -------> SeasonuleFormon
CheckWifewise -------> EspeciallytionOenitious
AuthorproofSorb -------> LoqucyAmericanar
UndencoverwardNeedesque -------> HaustfierMeicoursemost
DominotAlternhometic -------> AnatoryNewhood
CumulosionMythtic -------> ReadisticOpllaterable
AgainencyExtraary -------> ElectrStuff
MetaatorAugoh -------> PluTernment
LithowardTenenneController -------> TorrnessNarosityController
TenaciPolicedomController -------> MomentialPlutlyController
TableasterCingalongativeController -------> OrthBrachyController
OctavileFieldController -------> PiteifyAeribilityController
PositiveantContraableie -------> TacizationLoquexistible
PuteeDamnsive -------> PubshipPasserdom
OrbOpen -------> AstrLegalel
PharmacatoryExperience -------> LoquiistMulsence
CallionGonyion -------> SetVolat
EasyantBeibility -------> RoomacityVulgition
DifficultelActtic -------> WhiteorOrnithaire
UIScreen+CentesimoseTestation -------> UIScreen+TellurwhenousTherative
UIColor+GustthreatPolyile -------> UIColor+QuindecimelPathetlisteur
NSString+ArgentousCameraaceous -------> NSString+SapiencyLaterer
UIColor+HandaireRange -------> UIColor+CycliousUnit
NSString+SpecialformPathetry -------> NSString+StreetonMediaally
UIView+StreetficationVidious -------> UIView+NiceficLekanmost
WhyarianApproachition -------> PitiativeReadyfy
UIAlertController+AiretyScolith -------> UIAlertController+DyacityRemainise
AsacleChronible -------> RoleaneousIdentify
PlurdomStronganeous -------> CirrelectionuleInvestmentivity
CameraieUrgibility -------> EpishipPenarian
PelagcyWeightButton -------> CardingAgeationButton
GetMollern -------> NoxardLingusive
SceleticMegalView -------> FinalFissmostView
SecutetyMolliceView -------> FivewiseFesssiveView
JuniorismIfibleView -------> MollRapacoryView
LetterileCauseitorView -------> FuscficationWeightView
DiseaseageRamView -------> ScoreaireCountryaneityView
PictanswerialCentralifyView -------> VincialVagardView
DesRhombentView -------> ValiainItacityView
PterficationOnlyaneousView -------> HeredivityPositiveicsView
StructwantibleIlupoView -------> MovementeurComeousView
AffectfulChairView -------> SpherPerformView
HelitorSidemostView -------> PupDecaetyView
UponNihiliseView -------> PositionitudeSedmeanView
EquinnessCommercialView -------> SameesqueSeiaryView
CalordomCasoryView -------> JurisyOfficialsureView
TableacityErrView -------> StuffTotalousView
LargeonLampView -------> ArboriilePalliuleView
PictaceousDieotView -------> RadicaneousQuindecimmeasureressView
OculenEveninglingView -------> ThyrScripttureView
OmniPallicsView -------> SpaceernCoriaireView
MyxBuyardView -------> ManagerwardNomenalView
InvestmentibilityExperiencementCell -------> TendseatsiveCrepiteerCell
SpecteurDactylaticView -------> CornairImagineView
AnaitorProtofulView -------> CernPhemcurrentarianView
SophystaylyJejunsiveView -------> RusteousSeithoughatureView
ProsuleNominileView -------> SerrficCynenView
BigoonJudicivityTextFiled -------> ToatoryTeleoshareibilityTextFiled
NoticelikeYourdomView -------> ArborieeFensbabyView
RealityBoyalCell -------> GenwholePatientwardCell
PlusletryPancreoView -------> NoctousHoldthView
ExteroseQuadragenineButton -------> HairistSeriousetyButton
AlwaysticDominiseView -------> LaxlegalantOwneracyView
HearoonProletView -------> PetoriumExecutiveView
LoseionEmeticieView -------> FinalasterCinercoupleicView
CleistitCapitfollowularView -------> KeyhoodFireainView
EvmemberMoneyonButton -------> ChlorarianBloodentButton
CipardEastose -------> GradtureUsuallytion
SoucieticCineain -------> NatureallyMollical
OmentfulDreamship -------> AutsionYet
AlreadyAlgoitude -------> DolorTaskance
HardMere -------> BecomelyBacstandardic
JuvenizationActivityatory -------> RaucfierRaucidentifyfication
ValueformVocar -------> LampoCisling
ExpoModel -------> UseiseVinfold
SwitchResp -------> FelicGen
CreateOrderResp -------> CupStringics
UrlMode -------> ArthrRumpisticMode
ConfigModel -------> HimuleCrutdom
ConfigResponse -------> HalfformCyteur
LoginResponse -------> DichtradeitudeTradeuous
AccountModel -------> NihilativeFederalless
AudaciitLiquecy -------> AnswerosityPac
OscillfyAllow -------> StereCountryly
ElsureTraditional -------> BeyondaceousCommunityic
AlteretySpirarea -------> WallosityEastacious
CerebraticStudenton -------> PluacityFarition
DreamerSixry -------> PasteerToughally
GamaSDK+FishBety -------> GamaSDK+AnderfreeTreiskaidek
RealwiseDipsoeer -------> MeliorFallac
MinacparticulariorArctreachite -------> SeptenInterviewity
UIImage+ThosekinPhagarian -------> UIImage+BecausefactionVerting
NSString+StaticeDegreeit -------> NSString+NoialEasyfier
GlutinoryRigine -------> PolicanotherhoodPectproof
LepdomSeniorry -------> OncoaddularOperful
TableJuricurrentian -------> FatherNeurad
DicproofManyier -------> ReptationRealency
StringiaSipho -------> ItselfkinHiskin
PhylindustryMilitryData -------> SeptPrivlyData
GlassressTheorymost -------> HolitOsteoia
